  [1m[36m (89.3ms)[0m  [1mCREATE TABLE "schema_migrations" ("version" varchar(255) NOT NULL) [0m
  [1m[35m (0.2ms)[0m  select sqlite_version(*)
  [1m[36m (16.1ms)[0m  [1mCREATE UNIQUE INDEX "unique_schema_migrations" ON "schema_migrations" ("version")[0m
  [1m[35mActiveRecord::SchemaMigration Load (0.2ms)[0m  SELECT "schema_migrations".* FROM "schema_migrations"
Migrating to DeviseCreateUsers (20141209181108)
  [1m[36m (0.1ms)[0m  [1mbegin transaction[0m
  [1m[35m (0.6ms)[0m  CREATE TABLE "users" ("id" INTEGER PRIMARY KEY AUTOINCREMENT NOT NULL, "name" varchar(255), "email" varchar(255) DEFAULT '' NOT NULL, "encrypted_password" varchar(255) DEFAULT '' NOT NULL, "reset_password_token" varchar(255), "reset_password_sent_at" datetime, "remember_created_at" datetime, "sign_in_count" integer DEFAULT 0 NOT NULL, "current_sign_in_at" datetime, "last_sign_in_at" datetime, "current_sign_in_ip" varchar(255), "last_sign_in_ip" varchar(255), "confirmation_token" varchar(255), "confirmed_at" datetime, "confirmation_sent_at" datetime, "unconfirmed_email" varchar(255), "created_at" datetime, "updated_at" datetime) 
  [1m[36m (0.4ms)[0m  [1mCREATE UNIQUE INDEX "index_users_on_email" ON "users" ("email")[0m
  [1m[35m (0.1ms)[0m              SELECT sql
            FROM sqlite_master
            WHERE name='index_users_on_email' AND type='index'
            UNION ALL
            SELECT sql
            FROM sqlite_temp_master
            WHERE name='index_users_on_email' AND type='index'

  [1m[36m (0.2ms)[0m  [1mCREATE UNIQUE INDEX "index_users_on_reset_password_token" ON "users" ("reset_password_token")[0m
  [1m[35mSQL (0.2ms)[0m  INSERT INTO "schema_migrations" ("version") VALUES (?)  [["version", "20141209181108"]]
  [1m[36m (14.0ms)[0m  [1mcommit transaction[0m
Migrating to AddRoleToUsers (20141212004050)
  [1m[35m (0.1ms)[0m  begin transaction
  [1m[36m (0.5ms)[0m  [1mALTER TABLE "users" ADD "role" varchar(255)[0m
  [1m[35mSQL (0.3ms)[0m  INSERT INTO "schema_migrations" ("version") VALUES (?)  [["version", "20141212004050"]]
  [1m[36m (14.7ms)[0m  [1mcommit transaction[0m
  [1m[35mActiveRecord::SchemaMigration Load (0.1ms)[0m  SELECT "schema_migrations".* FROM "schema_migrations"
  [1m[36m (0.2ms)[0m  [1m            SELECT sql
            FROM sqlite_master
            WHERE name='index_users_on_reset_password_token' AND type='index'
            UNION ALL
            SELECT sql
            FROM sqlite_temp_master
            WHERE name='index_users_on_reset_password_token' AND type='index'
[0m
  [1m[35m (0.2ms)[0m              SELECT sql
            FROM sqlite_master
            WHERE name='index_users_on_email' AND type='index'
            UNION ALL
            SELECT sql
            FROM sqlite_temp_master
            WHERE name='index_users_on_email' AND type='index'



Started GET "/" for 71.50.6.172 at 2015-02-13 01:23:01 +0000
  [1m[36mActiveRecord::SchemaMigration Load (0.2ms)[0m  [1mSELECT "schema_migrations".* FROM "schema_migrations"[0m

ActionController::RoutingError (uninitialized constant ApplicationController::Pundit):
  app/controllers/application_controller.rb:4:in `<class:ApplicationController>'
  app/controllers/application_controller.rb:1:in `<top (required)>'
  app/controllers/welcome_controller.rb:1:in `<top (required)>'


  Rendered /home/action/.gem/ruby/2.1.1/gems/actionpack-4.1.0/lib/action_dispatch/middleware/templates/rescues/_trace.html.erb (1.5ms)
  Rendered /home/action/.gem/ruby/2.1.1/gems/actionpack-4.1.0/lib/action_dispatch/middleware/templates/routes/_route.html.erb (2.7ms)
  Rendered /home/action/.gem/ruby/2.1.1/gems/actionpack-4.1.0/lib/action_dispatch/middleware/templates/routes/_table.html.erb (9.7ms)
  Rendered /home/action/.gem/ruby/2.1.1/gems/actionpack-4.1.0/lib/action_dispatch/middleware/templates/rescues/routing_error.html.erb within rescues/layout (49.2ms)


Started GET "/" for 71.50.6.172 at 2015-02-13 06:59:29 +0000

ActionController::RoutingError (uninitialized constant ApplicationController::Pundit):
  app/controllers/application_controller.rb:4:in `<class:ApplicationController>'
  app/controllers/application_controller.rb:1:in `<top (required)>'
  app/controllers/welcome_controller.rb:1:in `<top (required)>'


  Rendered /home/action/.gem/ruby/2.1.1/gems/actionpack-4.1.0/lib/action_dispatch/middleware/templates/rescues/_trace.html.erb (1.5ms)
  Rendered /home/action/.gem/ruby/2.1.1/gems/actionpack-4.1.0/lib/action_dispatch/middleware/templates/routes/_route.html.erb (3.4ms)
  Rendered /home/action/.gem/ruby/2.1.1/gems/actionpack-4.1.0/lib/action_dispatch/middleware/templates/routes/_table.html.erb (1.4ms)
  Rendered /home/action/.gem/ruby/2.1.1/gems/actionpack-4.1.0/lib/action_dispatch/middleware/templates/rescues/routing_error.html.erb within rescues/layout (36.6ms)


Started GET "/" for 71.50.6.172 at 2015-02-13 06:59:30 +0000

ActionController::RoutingError (uninitialized constant ApplicationController::Pundit):
  app/controllers/application_controller.rb:4:in `<class:ApplicationController>'
  app/controllers/application_controller.rb:1:in `<top (required)>'
  app/controllers/welcome_controller.rb:1:in `<top (required)>'


  Rendered /home/action/.gem/ruby/2.1.1/gems/actionpack-4.1.0/lib/action_dispatch/middleware/templates/rescues/_trace.html.erb (1.3ms)
  Rendered /home/action/.gem/ruby/2.1.1/gems/actionpack-4.1.0/lib/action_dispatch/middleware/templates/routes/_route.html.erb (2.6ms)
  Rendered /home/action/.gem/ruby/2.1.1/gems/actionpack-4.1.0/lib/action_dispatch/middleware/templates/routes/_table.html.erb (1.1ms)
  Rendered /home/action/.gem/ruby/2.1.1/gems/actionpack-4.1.0/lib/action_dispatch/middleware/templates/rescues/routing_error.html.erb within rescues/layout (35.1ms)


Started GET "/" for 71.50.6.172 at 2015-02-13 06:59:52 +0000

ActionController::RoutingError (uninitialized constant ApplicationController::Pundit):
  app/controllers/application_controller.rb:4:in `<class:ApplicationController>'
  app/controllers/application_controller.rb:1:in `<top (required)>'
  app/controllers/welcome_controller.rb:1:in `<top (required)>'


  Rendered /home/action/.gem/ruby/2.1.1/gems/actionpack-4.1.0/lib/action_dispatch/middleware/templates/rescues/_trace.html.erb (1.2ms)
  Rendered /home/action/.gem/ruby/2.1.1/gems/actionpack-4.1.0/lib/action_dispatch/middleware/templates/routes/_route.html.erb (2.3ms)
  Rendered /home/action/.gem/ruby/2.1.1/gems/actionpack-4.1.0/lib/action_dispatch/middleware/templates/routes/_table.html.erb (1.2ms)
  Rendered /home/action/.gem/ruby/2.1.1/gems/actionpack-4.1.0/lib/action_dispatch/middleware/templates/rescues/routing_error.html.erb within rescues/layout (33.4ms)


Started GET "/" for 71.50.6.172 at 2015-02-13 07:01:38 +0000
  [1m[36mActiveRecord::SchemaMigration Load (0.2ms)[0m  [1mSELECT "schema_migrations".* FROM "schema_migrations"[0m

ActionController::RoutingError (uninitialized constant ApplicationController::Pundit):
  app/controllers/application_controller.rb:4:in `<class:ApplicationController>'
  app/controllers/application_controller.rb:1:in `<top (required)>'
  app/controllers/welcome_controller.rb:1:in `<top (required)>'


  Rendered /home/action/.gem/ruby/2.1.1/gems/actionpack-4.1.0/lib/action_dispatch/middleware/templates/rescues/_trace.html.erb (1.6ms)
  Rendered /home/action/.gem/ruby/2.1.1/gems/actionpack-4.1.0/lib/action_dispatch/middleware/templates/routes/_route.html.erb (3.0ms)
  Rendered /home/action/.gem/ruby/2.1.1/gems/actionpack-4.1.0/lib/action_dispatch/middleware/templates/routes/_table.html.erb (10.5ms)
  Rendered /home/action/.gem/ruby/2.1.1/gems/actionpack-4.1.0/lib/action_dispatch/middleware/templates/rescues/routing_error.html.erb within rescues/layout (51.1ms)


Started GET "/" for 71.50.6.172 at 2015-02-13 07:11:01 +0000

ActionController::RoutingError (uninitialized constant ApplicationController::Pundit):
  app/controllers/application_controller.rb:4:in `<class:ApplicationController>'
  app/controllers/application_controller.rb:1:in `<top (required)>'
  app/controllers/welcome_controller.rb:1:in `<top (required)>'


  Rendered /home/action/.gem/ruby/2.1.1/gems/actionpack-4.1.0/lib/action_dispatch/middleware/templates/rescues/_trace.html.erb (1.6ms)
  Rendered /home/action/.gem/ruby/2.1.1/gems/actionpack-4.1.0/lib/action_dispatch/middleware/templates/routes/_route.html.erb (3.8ms)
  Rendered /home/action/.gem/ruby/2.1.1/gems/actionpack-4.1.0/lib/action_dispatch/middleware/templates/routes/_table.html.erb (1.6ms)
  Rendered /home/action/.gem/ruby/2.1.1/gems/actionpack-4.1.0/lib/action_dispatch/middleware/templates/rescues/routing_error.html.erb within rescues/layout (40.5ms)


Started GET "/" for 71.50.6.172 at 2015-02-13 07:11:18 +0000

ActionController::RoutingError (uninitialized constant ApplicationController::Pundit):
  app/controllers/application_controller.rb:4:in `<class:ApplicationController>'
  app/controllers/application_controller.rb:1:in `<top (required)>'
  app/controllers/welcome_controller.rb:1:in `<top (required)>'


  Rendered /home/action/.gem/ruby/2.1.1/gems/actionpack-4.1.0/lib/action_dispatch/middleware/templates/rescues/_trace.html.erb (1.3ms)
  Rendered /home/action/.gem/ruby/2.1.1/gems/actionpack-4.1.0/lib/action_dispatch/middleware/templates/routes/_route.html.erb (2.8ms)
  Rendered /home/action/.gem/ruby/2.1.1/gems/actionpack-4.1.0/lib/action_dispatch/middleware/templates/routes/_table.html.erb (1.3ms)
  Rendered /home/action/.gem/ruby/2.1.1/gems/actionpack-4.1.0/lib/action_dispatch/middleware/templates/rescues/routing_error.html.erb within rescues/layout (42.6ms)


Started GET "/" for 71.50.6.172 at 2015-02-13 07:13:59 +0000

ActionController::RoutingError (uninitialized constant ApplicationController::Pundit):
  app/controllers/application_controller.rb:4:in `<class:ApplicationController>'
  app/controllers/application_controller.rb:1:in `<top (required)>'
  app/controllers/welcome_controller.rb:1:in `<top (required)>'


  Rendered /home/action/.gem/ruby/2.1.1/gems/actionpack-4.1.0/lib/action_dispatch/middleware/templates/rescues/_trace.html.erb (1.5ms)
  Rendered /home/action/.gem/ruby/2.1.1/gems/actionpack-4.1.0/lib/action_dispatch/middleware/templates/routes/_route.html.erb (2.7ms)
  Rendered /home/action/.gem/ruby/2.1.1/gems/actionpack-4.1.0/lib/action_dispatch/middleware/templates/routes/_table.html.erb (1.4ms)
  Rendered /home/action/.gem/ruby/2.1.1/gems/actionpack-4.1.0/lib/action_dispatch/middleware/templates/rescues/routing_error.html.erb within rescues/layout (34.9ms)


Started GET "/" for 71.50.6.172 at 2015-02-13 07:14:37 +0000
  [1m[36mActiveRecord::SchemaMigration Load (0.2ms)[0m  [1mSELECT "schema_migrations".* FROM "schema_migrations"[0m

ActionController::RoutingError (uninitialized constant ApplicationController::Pundit):
  app/controllers/application_controller.rb:4:in `<class:ApplicationController>'
  app/controllers/application_controller.rb:1:in `<top (required)>'
  app/controllers/welcome_controller.rb:1:in `<top (required)>'


  Rendered /home/action/.gem/ruby/2.1.1/gems/actionpack-4.1.0/lib/action_dispatch/middleware/templates/rescues/_trace.html.erb (1.5ms)
  Rendered /home/action/.gem/ruby/2.1.1/gems/actionpack-4.1.0/lib/action_dispatch/middleware/templates/routes/_route.html.erb (2.9ms)
  Rendered /home/action/.gem/ruby/2.1.1/gems/actionpack-4.1.0/lib/action_dispatch/middleware/templates/routes/_table.html.erb (9.8ms)
  Rendered /home/action/.gem/ruby/2.1.1/gems/actionpack-4.1.0/lib/action_dispatch/middleware/templates/rescues/routing_error.html.erb within rescues/layout (49.5ms)
